0 info it worked if it ends with ok
1 verbose cli [ '/home/leonardo/.nvm/versions/node/v6.9.1/bin/node',
1 verbose cli   '/home/leonardo/.nvm/versions/node/v6.9.1/bin/npm',
1 verbose cli   'publish' ]
2 info using npm@3.10.8
3 info using node@v6.9.1
4 verbose publish [ '.' ]
5 silly cache add args [ '.', null ]
6 verbose cache add spec .
7 silly cache add parsed spec Result {
7 silly cache add   raw: '.',
7 silly cache add   scope: null,
7 silly cache add   escapedName: null,
7 silly cache add   name: null,
7 silly cache add   rawSpec: '.',
7 silly cache add   spec: '/home/leonardo/code/recognize-speech',
7 silly cache add   type: 'directory' }
8 verbose addLocalDirectory /home/leonardo/.npm/recognize-speech/1.0.0/package.tgz not in flight; packing
9 verbose correctMkdir /home/leonardo/.npm correctMkdir not in flight; initializing
10 info lifecycle recognize-speech@1.0.0~prepublish: recognize-speech@1.0.0
11 silly lifecycle recognize-speech@1.0.0~prepublish: no script for prepublish, continuing
12 verbose tar pack [ '/home/leonardo/.npm/recognize-speech/1.0.0/package.tgz',
12 verbose tar pack   '/home/leonardo/code/recognize-speech' ]
13 verbose tarball /home/leonardo/.npm/recognize-speech/1.0.0/package.tgz
14 verbose folder /home/leonardo/code/recognize-speech
15 verbose addLocalTarball adding from inside cache /home/leonardo/.npm/recognize-speech/1.0.0/package.tgz
16 verbose correctMkdir /home/leonardo/.npm correctMkdir not in flight; initializing
17 silly cache afterAdd recognize-speech@1.0.0
18 verbose afterAdd /home/leonardo/.npm/recognize-speech/1.0.0/package/package.json not in flight; writing
19 verbose correctMkdir /home/leonardo/.npm correctMkdir not in flight; initializing
20 verbose afterAdd /home/leonardo/.npm/recognize-speech/1.0.0/package/package.json written
21 silly publish { name: 'recognize-speech',
21 silly publish   description: 'Minimal library that record the audio from your input device, using the browser SpeechRecognition, and receive it as a Promise',
21 silly publish   version: '1.0.0',
21 silly publish   author: { name: 'Leonardo Luiz', email: 'leonardokl@hotmail.com' },
21 silly publish   main: 'dist/recognizeSpeech.js',
21 silly publish   keywords: [ 'speech', 'recognition', 'SpeechRecognition' ],
21 silly publish   repository:
21 silly publish    { type: 'git',
21 silly publish      url: 'git://github.com/leonardokl/recognize-speech.git' },
21 silly publish   files: [ 'dist' ],
21 silly publish   license: 'MIT',
21 silly publish   scripts: { build: 'babel --presets es2015 src/recognizeSpeech.js -o dist/recognizeSpeech.js' },
21 silly publish   devDependencies:
21 silly publish    { 'babel-cli': '^6.23.0',
21 silly publish      'babel-core': '^6.23.1',
21 silly publish      'babel-preset-es2015': '^6.22.0' },
21 silly publish   readme: '# RECOGNIZE SPEECH\n\nMinimal library that record the audio from your input device, using the browser SpeechRecognition, and receive it as a Promise\n\n[![Standard - JavaScript Style Guide](https://img.shields.io/badge/code_style-standard-brightgreen.svg)](http://standardjs.com/)\n\n## Instaling\n\n```\nnpm install -S recognize-speech\n```\n\n## Usage\n\n``` javascript\n// const recognizeSpeech = require(\'recognize-speech\')\nimport recognizeSpeech from \'recognize-speech\'\n\nrecognizeSpeech()\n  .then(console.log)\n  \n  //  {\n  //    transcript: \'Your speech!\'\n  //    confidence: 1\n  //  }\n```\n\n## Options\n\n``` javascript\nimport recognizeSpeech from \'recognize-speech\'\n\nrecognizeSpeech({ lang: \'en-US\', interimResults: false, maxAlternatives: 1})\n  .then(console.log)\n  \n  //  {\n  //    transcript: \'Your speech!\'\n  //    confidence: 1\n  //  }\n```\n',
21 silly publish   readmeFilename: 'README.md',
21 silly publish   gitHead: 'db11be7b7eae632c23e236b577e4410ac2c28ddd',
21 silly publish   bugs: { url: 'https://github.com/leonardokl/recognize-speech/issues' },
21 silly publish   homepage: 'https://github.com/leonardokl/recognize-speech#readme',
21 silly publish   _id: 'recognize-speech@1.0.0',
21 silly publish   _shasum: '3e8a94b5fcdabd1104c10832f76af7a449c7cf7e',
21 silly publish   _from: '.' }
22 verbose getPublishConfig undefined
23 silly mapToRegistry name recognize-speech
24 silly mapToRegistry using default registry
25 silly mapToRegistry registry https://registry.npmjs.org/
26 silly mapToRegistry data Result {
26 silly mapToRegistry   raw: 'recognize-speech',
26 silly mapToRegistry   scope: null,
26 silly mapToRegistry   escapedName: 'recognize-speech',
26 silly mapToRegistry   name: 'recognize-speech',
26 silly mapToRegistry   rawSpec: '',
26 silly mapToRegistry   spec: 'latest',
26 silly mapToRegistry   type: 'tag' }
27 silly mapToRegistry uri https://registry.npmjs.org/recognize-speech
28 verbose publish registryBase https://registry.npmjs.org/
29 silly publish uploading /home/leonardo/.npm/recognize-speech/1.0.0/package.tgz
30 verbose request uri https://registry.npmjs.org/recognize-speech
31 verbose request sending authorization for write operation
32 info attempt registry request try #1 at 1:33:15 AM
33 verbose request using bearer token for auth
34 verbose request id 6851d372efd7d237
35 http request PUT https://registry.npmjs.org/recognize-speech
36 http 403 https://registry.npmjs.org/recognize-speech
37 verbose headers { 'content-type': 'application/json',
37 verbose headers   'cache-control': 'max-age=300',
37 verbose headers   'content-length': '128',
37 verbose headers   'accept-ranges': 'bytes',
37 verbose headers   date: 'Thu, 02 Mar 2017 04:33:17 GMT',
37 verbose headers   via: '1.1 varnish',
37 verbose headers   connection: 'keep-alive',
37 verbose headers   'x-served-by': 'cache-gru7120-GRU',
37 verbose headers   'x-cache': 'MISS',
37 verbose headers   'x-cache-hits': '0',
37 verbose headers   'x-timer': 'S1488429196.412337,VS0,VE1034',
37 verbose headers   vary: 'Accept-Encoding' }
38 verbose request invalidating /home/leonardo/.npm/registry.npmjs.org/recognize-speech on PUT
39 error publish Failed PUT 403
40 verbose stack Error: "You cannot publish over the previously published version 1.0.0. Try bumping the version to 2.0.0" : recognize-speech
40 verbose stack     at makeError (/home/leonardo/.nvm/versions/node/v6.9.1/lib/node_modules/npm/node_modules/npm-registry-client/lib/request.js:302:12)
40 verbose stack     at CachingRegistryClient.<anonymous> (/home/leonardo/.nvm/versions/node/v6.9.1/lib/node_modules/npm/node_modules/npm-registry-client/lib/request.js:290:14)
40 verbose stack     at Request._callback (/home/leonardo/.nvm/versions/node/v6.9.1/lib/node_modules/npm/node_modules/npm-registry-client/lib/request.js:210:14)
40 verbose stack     at Request.self.callback (/home/leonardo/.nvm/versions/node/v6.9.1/lib/node_modules/npm/node_modules/request/request.js:187:22)
40 verbose stack     at emitTwo (events.js:106:13)
40 verbose stack     at Request.emit (events.js:191:7)
40 verbose stack     at Request.<anonymous> (/home/leonardo/.nvm/versions/node/v6.9.1/lib/node_modules/npm/node_modules/request/request.js:1044:10)
40 verbose stack     at emitOne (events.js:96:13)
40 verbose stack     at Request.emit (events.js:188:7)
40 verbose stack     at IncomingMessage.<anonymous> (/home/leonardo/.nvm/versions/node/v6.9.1/lib/node_modules/npm/node_modules/request/request.js:965:12)
41 verbose statusCode 403
42 verbose pkgid recognize-speech
43 verbose cwd /home/leonardo/code/recognize-speech
44 error Linux 4.2.0-34-generic
45 error argv "/home/leonardo/.nvm/versions/node/v6.9.1/bin/node" "/home/leonardo/.nvm/versions/node/v6.9.1/bin/npm" "publish"
46 error node v6.9.1
47 error npm  v3.10.8
48 error code E403
49 error "You cannot publish over the previously published version 1.0.0. Try bumping the version to 2.0.0" : recognize-speech
50 error If you need help, you may report this error at:
50 error     <https://github.com/npm/npm/issues>
51 verbose exit [ 1, true ]
